This is pdfTeX, Version 3.1415926-2.5-1.40.14 (MiKTeX 2.9 64-bit) (preloaded format=pdflatex 2014.12.11)  22 JAN 2016 21:17
entering extended mode
**bacteria_report.tex
(C:\Users\Prahladan\Documents\MATLAB\KraljLab\Reports\bacteria_report.tex
LaTeX2e <2011/06/27>
Babel <v3.8m> and hyphenation patterns for english, afrikaans, ancientgreek, ar
abic, armenian, assamese, basque, bengali, bokmal, bulgarian, catalan, coptic, 
croatian, czech, danish, dutch, esperanto, estonian, farsi, finnish, french, ga
lician, german, german-x-2013-05-26, greek, gujarati, hindi, hungarian, iceland
ic, indonesian, interlingua, irish, italian, kannada, kurmanji, latin, latvian,
 lithuanian, malayalam, marathi, mongolian, mongolianlmc, monogreek, ngerman, n
german-x-2013-05-26, nynorsk, oriya, panjabi, pinyin, polish, portuguese, roman
ian, russian, sanskrit, serbian, slovak, slovenian, spanish, swedish, swissgerm
an, tamil, telugu, turkish, turkmen, ukenglish, ukrainian, uppersorbian, usengl
ishmax, welsh, loaded.
("C:\Program Files\MiKTeX 2.9\tex\latex\base\article.cls"
Document Class: article 2014/09/29 v1.4h Standard LaTeX document class
("C:\Program Files\MiKTeX 2.9\tex\latex\base\size10.clo"
File: size10.clo 2014/09/29 v1.4h Standard LaTeX file (size option)
)
\c@part=\count79
\c@section=\count80
\c@subsection=\count81
\c@subsubsection=\count82
\c@paragraph=\count83
\c@subparagraph=\count84
\c@figure=\count85
\c@table=\count86
\abovecaptionskip=\skip41
\belowcaptionskip=\skip42
\bibindent=\dimen102
)
("C:\Program Files\MiKTeX 2.9\tex\latex\graphics\graphicx.sty"
Package: graphicx 2014/10/28 v1.0g Enhanced LaTeX Graphics (DPC,SPQR)

("C:\Program Files\MiKTeX 2.9\tex\latex\graphics\keyval.sty"
Package: keyval 2014/10/28 v1.15 key=value parser (DPC)
\KV@toks@=\toks14
)
("C:\Program Files\MiKTeX 2.9\tex\latex\graphics\graphics.sty"
Package: graphics 2014/10/28 v1.0p Standard LaTeX Graphics (DPC,SPQR)

("C:\Program Files\MiKTeX 2.9\tex\latex\graphics\trig.sty"
Package: trig 1999/03/16 v1.09 sin cos tan (DPC)
)
("C:\Program Files\MiKTeX 2.9\tex\latex\00miktex\graphics.cfg"
File: graphics.cfg 2007/01/18 v1.5 graphics configuration of teTeX/TeXLive
)
Package graphics Info: Driver file: pdftex.def on input line 91.

("C:\Program Files\MiKTeX 2.9\tex\latex\pdftex-def\pdftex.def"
File: pdftex.def 2011/05/27 v0.06d Graphics/color for pdfTeX

("C:\Program Files\MiKTeX 2.9\tex\generic\oberdiek\infwarerr.sty"
Package: infwarerr 2010/04/08 v1.3 Providing info/warning/error messages (HO)
)
("C:\Program Files\MiKTeX 2.9\tex\generic\oberdiek\ltxcmds.sty"
Package: ltxcmds 2011/11/09 v1.22 LaTeX kernel commands for general use (HO)
)
\Gread@gobject=\count87
))
\Gin@req@height=\dimen103
\Gin@req@width=\dimen104
)
("C:\Program Files\MiKTeX 2.9\tex\latex\float\float.sty"
Package: float 2001/11/08 v1.3d Float enhancements (AL)
\c@float@type=\count88
\float@exts=\toks15
\float@box=\box26
\@float@everytoks=\toks16
\@floatcapt=\box27
)
("C:\Program Files\MiKTeX 2.9\tex\latex\subfig\subfig.sty"
Package: subfig 2005/06/28 ver: 1.3 subfig package

("C:\Program Files\MiKTeX 2.9\tex\latex\caption\caption3.sty"
Package: caption3 2013/05/02 v1.6-88 caption3 kernel (AR)
Package caption3 Info: TeX engine: e-TeX on input line 57.
\captionmargin=\dimen105
\captionmargin@=\dimen106
\captionwidth=\dimen107
\caption@tempdima=\dimen108
\caption@indent=\dimen109
\caption@parindent=\dimen110
\caption@hangindent=\dimen111
)
\c@KVtest=\count89
\sf@farskip=\skip43
\sf@captopadj=\dimen112
\sf@capskip=\skip44
\sf@nearskip=\skip45
\c@subfigure=\count90
\c@subfigure@save=\count91
\c@lofdepth=\count92
\c@subtable=\count93
\c@subtable@save=\count94
\c@lotdepth=\count95
\sf@top=\skip46
\sf@bottom=\skip47
)
("C:\Program Files\MiKTeX 2.9\tex\latex\amsmath\amsmath.sty"
Package: amsmath 2013/01/14 v2.14 AMS math features
\@mathmargin=\skip48

For additional information on amsmath, use the `?' option.
("C:\Program Files\MiKTeX 2.9\tex\latex\amsmath\amstext.sty"
Package: amstext 2000/06/29 v2.01

("C:\Program Files\MiKTeX 2.9\tex\latex\amsmath\amsgen.sty"
File: amsgen.sty 1999/11/30 v2.0
\@emptytoks=\toks17
\ex@=\dimen113
))
("C:\Program Files\MiKTeX 2.9\tex\latex\amsmath\amsbsy.sty"
Package: amsbsy 1999/11/29 v1.2d
\pmbraise@=\dimen114
)
("C:\Program Files\MiKTeX 2.9\tex\latex\amsmath\amsopn.sty"
Package: amsopn 1999/12/14 v2.01 operator names
)
\inf@bad=\count96
LaTeX Info: Redefining \frac on input line 210.
\uproot@=\count97
\leftroot@=\count98
LaTeX Info: Redefining \overline on input line 306.
\classnum@=\count99
\DOTSCASE@=\count100
LaTeX Info: Redefining \ldots on input line 378.
LaTeX Info: Redefining \dots on input line 381.
LaTeX Info: Redefining \cdots on input line 466.
\Mathstrutbox@=\box28
\strutbox@=\box29
\big@size=\dimen115
LaTeX Font Info:    Redeclaring font encoding OML on input line 566.
LaTeX Font Info:    Redeclaring font encoding OMS on input line 567.
\macc@depth=\count101
\c@MaxMatrixCols=\count102
\dotsspace@=\muskip10
\c@parentequation=\count103
\dspbrk@lvl=\count104
\tag@help=\toks18
\row@=\count105
\column@=\count106
\maxfields@=\count107
\andhelp@=\toks19
\eqnshift@=\dimen116
\alignsep@=\dimen117
\tagshift@=\dimen118
\tagwidth@=\dimen119
\totwidth@=\dimen120
\lineht@=\dimen121
\@envbody=\toks20
\multlinegap=\skip49
\multlinetaggap=\skip50
\mathdisplay@stack=\toks21
LaTeX Info: Redefining \[ on input line 2665.
LaTeX Info: Redefining \] on input line 2666.
)
("C:\Program Files\MiKTeX 2.9\tex\latex\amsfonts\amssymb.sty"
Package: amssymb 2013/01/14 v3.01 AMS font symbols

("C:\Program Files\MiKTeX 2.9\tex\latex\amsfonts\amsfonts.sty"
Package: amsfonts 2013/01/14 v3.01 Basic AMSFonts support
\symAMSa=\mathgroup4
\symAMSb=\mathgroup5
LaTeX Font Info:    Overwriting math alphabet `\mathfrak' in version `bold'
(Font)                  U/euf/m/n --> U/euf/b/n on input line 106.
))
(C:\Users\Prahladan\Documents\MATLAB\KraljLab\Reports\bacteria_report.aux

LaTeX Warning: Label `fig:cwhist_allTraces' multiply defined.

)
LaTeX Font Info:    Checking defaults for OML/cmm/m/it on input line 15.
LaTeX Font Info:    ... okay on input line 15.
LaTeX Font Info:    Checking defaults for T1/cmr/m/n on input line 15.
LaTeX Font Info:    ... okay on input line 15.
LaTeX Font Info:    Checking defaults for OT1/cmr/m/n on input line 15.
LaTeX Font Info:    ... okay on input line 15.
LaTeX Font Info:    Checking defaults for OMS/cmsy/m/n on input line 15.
LaTeX Font Info:    ... okay on input line 15.
LaTeX Font Info:    Checking defaults for OMX/cmex/m/n on input line 15.
LaTeX Font Info:    ... okay on input line 15.
LaTeX Font Info:    Checking defaults for U/cmr/m/n on input line 15.
LaTeX Font Info:    ... okay on input line 15.
 ("C:\Program Files\MiKTeX 2.9\tex\context\base\supp-pdf.mkii"
[Loading MPS to PDF converter (version 2006.09.02).]
\scratchcounter=\count108
\scratchdimen=\dimen122
\scratchbox=\box30
\nofMPsegments=\count109
\nofMParguments=\count110
\everyMPshowfont=\toks22
\MPscratchCnt=\count111
\MPscratchDim=\dimen123
\MPnumerator=\count112
\makeMPintoPDFobject=\count113
\everyMPtoPDFconversion=\toks23
)
Package caption Info: Begin \AtBeginDocument code.
Package caption Info: subfig package v1.3 is loaded.
Package caption Info: End \AtBeginDocument code.
LaTeX Font Info:    Try loading font information for U+msa on input line 19.
 ("C:\Program Files\MiKTeX 2.9\tex\latex\amsfonts\umsa.fd"
File: umsa.fd 2013/01/14 v3.01 AMS symbols A
)
LaTeX Font Info:    Try loading font information for U+msb on input line 19.

("C:\Program Files\MiKTeX 2.9\tex\latex\amsfonts\umsb.fd"
File: umsb.fd 2013/01/14 v3.01 AMS symbols B
) [1

{C:/ProgramData/MiKTeX/2.9/pdftex/config/pdftex.map}]

LaTeX Warning: Citation `codewordHist' on page 2 undefined on input line 64.

[2]

LaTeX Warning: Command \i invalid in math mode on input line 82.


LaTeX Warning: Command \i invalid in math mode on input line 82.


LaTeX Warning: Command \i invalid in math mode on input line 109.

[3]

LaTeX Warning: Command \i invalid in math mode on input line 132.

[4] <cwHistogram_Components.png, id=26, 846.91406pt x 440.39531pt>
File: cwHistogram_Components.png Graphic file (type png)

<use cwHistogram_Components.png>
Package pdftex.def Info: cwHistogram_Components.png used on input line 183.
(pdftex.def)             Requested size: 338.75963pt x 176.155pt.


LaTeX Warning: `!h' float specifier changed to `!ht'.

<allTraces_942.png, id=27, 872.50969pt x 459.96844pt>
File: allTraces_942.png Graphic file (type png)
 <use allTraces_942.png>
Package pdftex.def Info: allTraces_942.png used on input line 190.
(pdftex.def)             Requested size: 348.9977pt x 183.98412pt.

<queryPoints_cwHist.png, id=28, 871.00406pt x 447.92343pt>
File: queryPoints_cwHist.png Graphic file (type png)

<use queryPoints_cwHist.png>
Package pdftex.def Info: queryPoints_cwHist.png used on input line 191.
(pdftex.def)             Requested size: 348.39545pt x 179.1662pt.


LaTeX Warning: `!h' float specifier changed to `!ht'.

[5]

LaTeX Warning: Text page 6 contains only floats.

[6 <C:/Users/Prahladan/Documents/MATLAB/KraljLab/Reports/cwHistogram_Components
.png> <C:/Users/Prahladan/Documents/MATLAB/KraljLab/Reports/allTraces_942.png> 
<C:/Users/Prahladan/Documents/MATLAB/KraljLab/Reports/queryPoints_cwHist.png>]
<components_CorrelationMatrix.png, id=36, 878.53218pt x 446.41782pt>
File: components_CorrelationMatrix.png Graphic file (type png)

<use components_CorrelationMatrix.png>
Package pdftex.def Info: components_CorrelationMatrix.png used on input line 21
9.
(pdftex.def)             Requested size: 439.26501pt x 223.20836pt.
 [7 <C:/Users/Prahladan/Documents/MATLAB/KraljLab/Reports/components_Correlatio
nMatrix.png>]
<component_traces.jpg, id=41, 867.99281pt x 452.4403pt>
File: component_traces.jpg Graphic file (type jpg)

<use component_traces.jpg>
Package pdftex.def Info: component_traces.jpg used on input line 228.
(pdftex.def)             Requested size: 347.19098pt x 180.97292pt.
 <components.png, id=42, 875.52094pt x 461.47406pt>
File: components.png Graphic file (type png)

<use components.png>
Package pdftex.def Info: components.png used on input line 236.
(pdftex.def)             Requested size: 350.20216pt x 184.58635pt.

<membershipHistogram.png, id=43, 857.45343pt x 455.45157pt>
File: membershipHistogram.png Graphic file (type png)

<use membershipHistogram.png>
Package pdftex.def Info: membershipHistogram.png used on input line 237.
(pdftex.def)             Requested size: 342.9753pt x 182.1774pt.


LaTeX Warning: `!h' float specifier changed to `!ht'.

<bestFit_cmp1.jpg, id=44, 872.50969pt x 453.94594pt>
File: bestFit_cmp1.jpg Graphic file (type jpg)
 <use bestFit_cmp1.jpg>
Package pdftex.def Info: bestFit_cmp1.jpg used on input line 262.
(pdftex.def)             Requested size: 436.25378pt x 226.97241pt.

<bestFit_cmp2.jpg, id=45, 875.52094pt x 464.4853pt>
File: bestFit_cmp2.jpg Graphic file (type jpg)
 <use bestFit_cmp2.jpg>
Package pdftex.def Info: bestFit_cmp2.jpg used on input line 263.
(pdftex.def)             Requested size: 437.7594pt x 232.24208pt.


LaTeX Warning: `!h' float specifier changed to `!ht'.

<component_noise_fromAvg.jpg, id=46, 864.98157pt x 452.4403pt>
File: component_noise_fromAvg.jpg Graphic file (type jpg)

<use component_noise_fromAvg.jpg>
Package pdftex.def Info: component_noise_fromAvg.jpg used on input line 271.
(pdftex.def)             Requested size: 432.48973pt x 226.2196pt.

<component_noise_fromBestFit.jpg, id=47, 872.50969pt x 465.99094pt>
File: component_noise_fromBestFit.jpg Graphic file (type jpg)

<use component_noise_fromBestFit.jpg>
Package pdftex.def Info: component_noise_fromBestFit.jpg used on input line 272
.
(pdftex.def)             Requested size: 436.25378pt x 232.99489pt.


LaTeX Warning: `!h' float specifier changed to `!ht'.

[8 <C:/Users/Prahladan/Documents/MATLAB/KraljLab/Reports/component_traces.jpg>]

Overfull \hbox (11.05385pt too wide) in paragraph at lines 305--306
[]\OT1/cmr/m/it/10 Non-normalized Lapla-cian on Weighted Graphs \OT1/cmr/m/n/10
 http://ecee.colorado.edu/ fmeyer/class/ecen5322/laplacian.pdf 
 []

[9 <C:/Users/Prahladan/Documents/MATLAB/KraljLab/Reports/components.png> <C:/Us
ers/Prahladan/Documents/MATLAB/KraljLab/Reports/membershipHistogram.png>]
[10 <C:/Users/Prahladan/Documents/MATLAB/KraljLab/Reports/bestFit_cmp1.jpg> <C:
/Users/Prahladan/Documents/MATLAB/KraljLab/Reports/bestFit_cmp2.jpg>] [11 <C:/U
sers/Prahladan/Documents/MATLAB/KraljLab/Reports/component_noise_fromAvg.jpg> <
C:/Users/Prahladan/Documents/MATLAB/KraljLab/Reports/component_noise_fromBestFi
t.jpg>]
(C:\Users\Prahladan\Documents\MATLAB\KraljLab\Reports\bacteria_report.aux)

LaTeX Warning: There were undefined references.


LaTeX Warning: There were multiply-defined labels.

 ) 
Here is how much of TeX's memory you used:
 2882 strings out of 493921
 40655 string characters out of 3147269
 97536 words of memory out of 3000000
 6155 multiletter control sequences out of 15000+200000
 11849 words of font info for 46 fonts, out of 3000000 for 9000
 841 hyphenation exceptions out of 8191
 36i,15n,47p,870b,346s stack positions out of 5000i,500n,10000p,200000b,50000s
<C:/Program Files/MiKTeX 2.9/fonts/type1/public/amsfonts/cm/cmbx10.pfb><C:/Pr
ogram Files/MiKTeX 2.9/fonts/type1/public/amsfonts/cm/cmbx12.pfb><C:/Program Fi
les/MiKTeX 2.9/fonts/type1/public/amsfonts/cm/cmex10.pfb><C:/Program Files/MiKT
eX 2.9/fonts/type1/public/amsfonts/cm/cmmi10.pfb><C:/Program Files/MiKTeX 2.9/f
onts/type1/public/amsfonts/cm/cmmi5.pfb><C:/Program Files/MiKTeX 2.9/fonts/type
1/public/amsfonts/cm/cmmi7.pfb><C:/Program Files/MiKTeX 2.9/fonts/type1/public/
amsfonts/cm/cmr10.pfb><C:/Program Files/MiKTeX 2.9/fonts/type1/public/amsfonts/
cm/cmr12.pfb><C:/Program Files/MiKTeX 2.9/fonts/type1/public/amsfonts/cm/cmr17.
pfb><C:/Program Files/MiKTeX 2.9/fonts/type1/public/amsfonts/cm/cmr7.pfb><C:/Pr
ogram Files/MiKTeX 2.9/fonts/type1/public/amsfonts/cm/cmr8.pfb><C:/Program File
s/MiKTeX 2.9/fonts/type1/public/amsfonts/cm/cmsy10.pfb><C:/Program Files/MiKTeX
 2.9/fonts/type1/public/amsfonts/cm/cmsy7.pfb><C:/Program Files/MiKTeX 2.9/font
s/type1/public/amsfonts/cm/cmti10.pfb>
Output written on bacteria_report.pdf (11 pages, 2125355 bytes).
PDF statistics:
 105 PDF objects out of 1000 (max. 8388607)
 0 named destinations out of 1000 (max. 500000)
 56 words of extra memory for PDF output out of 10000 (max. 10000000)

